
-----
Test: tests/test_buy_product.py::test_buy_product (call)
Start time: 2026-04-16 17:01:52.009564
Start name method: select_product_section

End time: 2026-04-16 17:02:00.012958
End name method: select_product_section
URL: https://www.citilink.ru/catalog/smartfony/APPLE/?ref=mainmenu

-----

-----
Test: tests/test_buy_product.py::test_buy_product (call)
Start time: 2026-04-16 17:02:00.013403
Start name method: filter_and_select_product

End time: 2026-04-16 17:02:04.701426
End name method: filter_and_select_product
URL: https://www.citilink.ru/product/smartfon-apple-iphone-17-a3520-256gb-chernyi-3g-4g-1sim-6-3-1206x2622-2143350/

-----

-----
Test: tests/test_buy_product.py::test_buy_product (call)
Start time: 2026-04-16 17:02:04.702371
Start name method: add_product_to_cart

End time: 2026-04-16 17:02:06.512679
End name method: add_product_to_cart
URL: https://www.citilink.ru/order/

-----

-----
Test: tests/test_buy_product.py::test_buy_product (call)
Start time: 2026-04-16 17:02:06.513048
Start name method: checkout_verification

End time: 2026-04-16 17:02:08.381390
End name method: checkout_verification
URL: https://www.citilink.ru/order/

-----
