
-----
Test: tests/test_buy_product.py::test_buy_product (call)
Start time: 2026-04-24 08:06:46.360042
Start name method: select_product_section

End time: 2026-04-24 08:06:54.547868
End name method: select_product_section
URL: https://www.citilink.ru/catalog/smartfony/APPLE/?ref=mainmenu

-----

-----
Test: tests/test_buy_product.py::test_buy_product (call)
Start time: 2026-04-24 08:06:54.548367
Start name method: filter_and_select_product

End time: 2026-04-24 08:06:58.487667
End name method: filter_and_select_product
URL: https://www.citilink.ru/product/smartfon-apple-iphone-16-256gb-a3287-ultramarin-2063159/

-----

-----
Test: tests/test_buy_product.py::test_buy_product (call)
Start time: 2026-04-24 08:06:58.488734
Start name method: add_product_to_cart

End time: 2026-04-24 08:07:00.025172
End name method: add_product_to_cart
URL: https://www.citilink.ru/order/

-----

-----
Test: tests/test_buy_product.py::test_buy_product (call)
Start time: 2026-04-24 08:07:00.025583
Start name method: checkout_verification

End time: 2026-04-24 08:07:01.392195
End name method: checkout_verification
URL: https://www.citilink.ru/order/

-----
