
-----
Test: tests/test_buy_3_products.py::test_buy_3_products (call)
Start time: 2026-04-24 08:01:51.777954
Start name method: select_product_section

End time: 2026-04-24 08:02:00.376488
End name method: select_product_section
URL: https://www.citilink.ru/catalog/smartfony/APPLE/?ref=mainmenu

-----

-----
Test: tests/test_buy_3_products.py::test_buy_3_products (call)
Start time: 2026-04-24 08:02:00.376824
Start name method: filter_and_select_3_products


-----
Test: tests/test_buy_product.py::test_buy_product (call)
Start time: 2026-04-24 08:02:03.366796
Start name method: select_product_section

End time: 2026-04-24 08:02:10.542098
End name method: select_product_section
URL: https://www.citilink.ru/catalog/smartfony/APPLE/?ref=mainmenu

-----

-----
Test: tests/test_buy_product.py::test_buy_product (call)
Start time: 2026-04-24 08:02:10.542440
Start name method: filter_and_select_product


-----
Test: tests/test_search_buy_product.py::test_search_buy_product (call)
Start time: 2026-04-24 08:02:14.280808
Start name method: search_for_product

End time: 2026-04-24 08:02:18.296383
End name method: search_for_product
URL: https://www.citilink.ru/search/?text=6.1%22+%D0%A1%D0%BC%D0%B0%D1%80%D1%82%D1%84%D0%BE%D0%BD+Apple+iPhone+15+128Gb%2C++A3090%2C++%D1%87%D0%B5%D1%80%D0%BD%D1%8B%D0%B9

-----

-----
Test: tests/test_search_buy_product.py::test_search_buy_product (call)
Start time: 2026-04-24 08:02:18.296691
Start name method: select_product

End time: 2026-04-24 08:02:20.796772
End name method: select_product
URL: https://www.citilink.ru/product/smartfon-apple-iphone-15-128gb-a3090-chernyi-1982727/

-----

-----
Test: tests/test_search_buy_product.py::test_search_buy_product (call)
Start time: 2026-04-24 08:02:20.797165
Start name method: add_product_to_cart

End time: 2026-04-24 08:02:22.589461
End name method: add_product_to_cart
URL: https://www.citilink.ru/order/

-----

-----
Test: tests/test_search_buy_product.py::test_search_buy_product (call)
Start time: 2026-04-24 08:02:22.589798
Start name method: checkout_verification

End time: 2026-04-24 08:02:24.135882
End name method: checkout_verification
URL: https://www.citilink.ru/order/

-----
